<?xml version="1.0" encoding="UTF-8"?>
<!-- Generated by org.testng.reporters.JUnitReportReporter -->
<testsuite hostname="DESKTOP-MMML6LS" failures="0" tests="1" name="OthersTask.Screenshots" time="12.923" errors="0" timestamp="2024-02-14T12:05:05 IST" skipped="0">
  <testcase classname="OthersTask.Screenshots" name="screenshot" time="12.923"/>
  <system-out/>
</testsuite> <!-- OthersTask.Screenshots -->
